Using pre-set license
Built from '2022.3/staging' branch; Version is '2022.3.43f1 (85497d293fa1) revision 8735101'; Using compiler version '192829333'; Build Type 'Release'
OS: 'Windows 11  (10.0.22631) 64bit CoreSingleLanguage' Language: 'en' Physical Memory: 15711 MB
BatchMode: 1, IsHumanControllingUs: 0, StartBugReporterOnCrash: 0, Is64bit: 1, IsPro: 1

COMMAND LINE ARGUMENTS:
C:\Program Files\Unity\Hub\Editor\2022.3.43f1\Editor\Unity.exe
-adb2
-batchMode
-noUpm
-name
AssetImportWorker2
-projectPath
C:/Users/Paco Zabala/Documents/5th year/ISCS 30.14/Tile-based Movement/My project
-logFile
Logs/AssetImportWorker2.log
-srvPort
64857
Successfully changed project path to: C:/Users/Paco Zabala/Documents/5th year/ISCS 30.14/Tile-based Movement/My project
C:/Users/Paco Zabala/Documents/5th year/ISCS 30.14/Tile-based Movement/My project
[UnityMemory] Configuration Parameters - Can be set up in boot.config
    "memorysetup-bucket-allocator-granularity=16"
    "memorysetup-bucket-allocator-bucket-count=8"
    "memorysetup-bucket-allocator-block-size=33554432"
    "memorysetup-bucket-allocator-block-count=8"
    "memorysetup-main-allocator-block-size=16777216"
    "memorysetup-thread-allocator-block-size=16777216"
    "memorysetup-gfx-main-allocator-block-size=16777216"
    "memorysetup-gfx-thread-allocator-block-size=16777216"
    "memorysetup-cache-allocator-block-size=4194304"
    "memorysetup-typetree-allocator-block-size=2097152"
    "memorysetup-profiler-bucket-allocator-granularity=16"
    "memorysetup-profiler-bucket-allocator-bucket-count=8"
    "memorysetup-profiler-bucket-allocator-block-size=33554432"
    "memorysetup-profiler-bucket-allocator-block-count=8"
    "memorysetup-profiler-allocator-block-size=16777216"
    "memorysetup-profiler-editor-allocator-block-size=1048576"
    "memorysetup-temp-allocator-size-main=16777216"
    "memorysetup-job-temp-allocator-block-size=2097152"
    "memorysetup-job-temp-allocator-block-size-background=1048576"
    "memorysetup-job-temp-allocator-reduction-small-platforms=262144"
    "memorysetup-allocator-temp-initial-block-size-main=262144"
    "memorysetup-allocator-temp-initial-block-size-worker=262144"
    "memorysetup-temp-allocator-size-background-worker=32768"
    "memorysetup-temp-allocator-size-job-worker=262144"
    "memorysetup-temp-allocator-size-preload-manager=33554432"
    "memorysetup-temp-allocator-size-nav-mesh-worker=65536"
    "memorysetup-temp-allocator-size-audio-worker=65536"
    "memorysetup-temp-allocator-size-cloud-worker=32768"
    "memorysetup-temp-allocator-size-gi-baking-worker=262144"
    "memorysetup-temp-allocator-size-gfx=262144"
Player connection [20824]  Target information:

Player connection [20824]  * "[IP] 192.168.55.104 [Port] 0 [Flags] 2 [Guid] 3061893906 [EditorId] 3061893906 [Version] 1048832 [Id] WindowsEditor(7,LAPTOP-TS8QMKJN) [Debug] 1 [PackageName] WindowsEditor [ProjectName] Editor" 

Player connection [20824] Host joined multi-casting on [225.0.0.222:54997]...
Player connection [20824] Host joined alternative multi-casting on [225.0.0.222:34997]...
[PhysX] Initialized MultithreadedTaskDispatcher with 12 workers.
Refreshing native plugins compatible for Editor in 40.36 ms, found 4 plugins.
Preloading 0 native plugins for Editor in 0.00 ms.
Initialize engine version: 2022.3.43f1 (85497d293fa1)
[Subsystems] Discovering subsystems at path C:/Program Files/Unity/Hub/Editor/2022.3.43f1/Editor/Data/Resources/UnitySubsystems
[Subsystems] Discovering subsystems at path C:/Users/Paco Zabala/Documents/5th year/ISCS 30.14/Tile-based Movement/My project/Assets
GfxDevice: creating device client; threaded=0; jobified=0
Direct3D:
    Version:  Direct3D 11.0 [level 11.1]
    Renderer: AMD Radeon (TM) Graphics (ID=0x15e7)
    Vendor:   ATI
    VRAM:     7855 MB
    Driver:   31.0.21910.4002
Initialize mono
Mono path[0] = 'C:/Program Files/Unity/Hub/Editor/2022.3.43f1/Editor/Data/Managed'
Mono path[1] = 'C:/Program Files/Unity/Hub/Editor/2022.3.43f1/Editor/Data/MonoBleedingEdge/lib/mono/unityjit-win32'
Mono config path = 'C:/Program Files/Unity/Hub/Editor/2022.3.43f1/Editor/Data/MonoBleedingEdge/etc'
Using monoOptions --debugger-agent=transport=dt_socket,embedding=1,server=y,suspend=n,address=127.0.0.1:56964
Begin MonoManager ReloadAssembly
Registering precompiled unity dll's ...
Register platform support module: C:/Program Files/Unity/Hub/Editor/2022.3.43f1/Editor/Data/PlaybackEngines/WebGLSupport/UnityEditor.WebGL.Extensions.dll
Register platform support module: C:/Program Files/Unity/Hub/Editor/2022.3.43f1/Editor/Data/PlaybackEngines/WindowsStandaloneSupport/UnityEditor.WindowsStandalone.Extensions.dll
Registered in 0.022290 seconds.
- Loaded All Assemblies, in  1.129 seconds
Native extension for WindowsStandalone target not found
Native extension for WebGL target not found
Mono: successfully reloaded assembly
- Finished resetting the current domain, in  0.757 seconds
Domain Reload Profiling: 1880ms
	BeginReloadAssembly (397ms)
		ExecutionOrderSort (0ms)
		DisableScriptedObjects (0ms)
		BackupInstance (0ms)
		ReleaseScriptingObjects (0ms)
		CreateAndSetChildDomain (2ms)
	RebuildCommonClasses (84ms)
	RebuildNativeTypeToScriptingClass (25ms)
	initialDomainReloadingComplete (169ms)
	LoadAllAssembliesAndSetupDomain (448ms)
		LoadAssemblies (391ms)
		RebuildTransferFunctionScriptingTraits (0ms)
		AnalyzeDomain (441ms)
			TypeCache.Refresh (437ms)
				TypeCache.ScanAssembly (399ms)
			ScanForSourceGeneratedMonoScriptInfo (2ms)
			ResolveRequiredComponents (1ms)
	FinalizeReload (758ms)
		ReleaseScriptCaches (0ms)
		RebuildScriptCaches (0ms)
		SetupLoadedEditorAssemblies (653ms)
			LogAssemblyErrors (0ms)
			InitializePlatformSupportModulesInManaged (20ms)
			SetLoadedEditorAssemblies (11ms)
			RefreshPlugins (0ms)
			BeforeProcessingInitializeOnLoad (6ms)
			ProcessInitializeOnLoadAttributes (471ms)
			ProcessInitializeOnLoadMethodAttributes (145ms)
			AfterProcessingInitializeOnLoad (0ms)
			EditorAssembliesLoaded (0ms)
		ExecutionOrderSort2 (0ms)
		AwakeInstancesAfterBackupRestoration (0ms)
========================================================================
Worker process is ready to serve import requests
Caller must complete domain reload
Begin MonoManager ReloadAssembly
- Loaded All Assemblies, in  1.894 seconds
Native extension for WindowsStandalone target not found
Native extension for WebGL target not found
Package Manager log level set to [2]
[Package Manager] Server::EnsureServerProcessIsRunning -- launch failed, reason: Unity was launched with the -noUpm command-line argument
[Package Manager] UpmClient::Send -- Unable to send message (not connected to UPM process).
[Package Manager] Cannot connect to Unity Package Manager local server
Mono: successfully reloaded assembly
- Finished resetting the current domain, in  1.481 seconds
Domain Reload Profiling: 3359ms
	BeginReloadAssembly (371ms)
		ExecutionOrderSort (0ms)
		DisableScriptedObjects (13ms)
		BackupInstance (0ms)
		ReleaseScriptingObjects (0ms)
		CreateAndSetChildDomain (51ms)
	RebuildCommonClasses (83ms)
	RebuildNativeTypeToScriptingClass (32ms)
	initialDomainReloadingComplete (152ms)
	LoadAllAssembliesAndSetupDomain (1240ms)
		LoadAssemblies (982ms)
		RebuildTransferFunctionScriptingTraits (0ms)
		AnalyzeDomain (479ms)
			TypeCache.Refresh (405ms)
				TypeCache.ScanAssembly (368ms)
			ScanForSourceGeneratedMonoScriptInfo (58ms)
			ResolveRequiredComponents (15ms)
	FinalizeReload (1482ms)
		ReleaseScriptCaches (0ms)
		RebuildScriptCaches (0ms)
		SetupLoadedEditorAssemblies (1182ms)
			LogAssemblyErrors (0ms)
			InitializePlatformSupportModulesInManaged (14ms)
			SetLoadedEditorAssemblies (7ms)
			RefreshPlugins (0ms)
			BeforeProcessingInitializeOnLoad (162ms)
			ProcessInitializeOnLoadAttributes (880ms)
			ProcessInitializeOnLoadMethodAttributes (97ms)
			AfterProcessingInitializeOnLoad (20ms)
			EditorAssembliesLoaded (0ms)
		ExecutionOrderSort2 (0ms)
		AwakeInstancesAfterBackupRestoration (17ms)
Launched and connected shader compiler UnityShaderCompiler.exe after 0.11 seconds
Refreshing native plugins compatible for Editor in 15.56 ms, found 4 plugins.
Preloading 0 native plugins for Editor in 0.00 ms.
Unloading 4027 Unused Serialized files (Serialized files now loaded: 0)
Unloading 38 unused Assets / (241.3 KB). Loaded Objects now: 4490.
Memory consumption went from 140.5 MB to 140.3 MB.
Total: 7.740600 ms (FindLiveObjects: 0.477800 ms CreateObjectMapping: 0.357300 ms MarkObjects: 6.552100 ms  DeleteObjects: 0.351600 ms)

AssetImportParameters requested are different than current active one (requested -> active):
  custom:container-demuxer-ogg: 62fdf1f143b41e24485cea50d1cbac27 -> 
  custom:video-decoder-ogg-theora: a1e56fd34408186e4bbccfd4996cb3dc -> 
  custom:framework-win-MediaFoundation: 216162199b28c13a410421893ffa2e32 -> 
  custom:CustomObjectIndexerAttribute: 9a22284fe3817be447336de3de66b15e -> 
  custom:container-demuxer-webm: 4f35f7cbe854078d1ac9338744f61a02 -> 
  custom:container-muxer-webm: aa71ff27fc2769a1b78a27578f13a17b -> 
  custom:video-decoder-webm-vp8: 9c59270c3fd7afecdb556c50c9e8de78 -> 
  custom:SearchIndexIgnoredProperties: e643bd26f0fe6173181afceb89e7c659 -> 
  custom:AudioImporter_EditorPlatform: d09bf68614088b80899f8185d706f6e7 -> 
  custom:video-encoder-webm-vp8: eb34c28f22e8b96e1ab97ce403110664 -> 
  custom:audio-decoder-ogg-vorbis: bf7c407c2cedff20999df2af8eb42d56 -> 
  custom:audio-encoder-webm-vorbis: bf7c407c2cedff20999df2af8eb42d56 -> 
========================================================================
Received Import Request.
  Time since last request: 206723.005465 seconds.
  path: Assets/Tile palettes/Hills_34.asset
  artifactKey: Guid(f7e6d8421e6161342925888878f91bfe) Importer(2089858483,0ecaa5967403d082aa24f35e1b516d23)
Start importing Assets/Tile palettes/Hills_34.asset using Guid(f7e6d8421e6161342925888878f91bfe) Importer(2089858483,0ecaa5967403d082aa24f35e1b516d23) [PhysX] Initialized MultithreadedTaskDispatcher with 12 workers.
 -> (artifact id: 'fa8cdeb5d1cbb7940ff34ad5236994e2') in 0.287235 seconds
Number of updated asset objects reloaded before import = 0
Number of asset objects unloaded after import = 3
========================================================================
Received Import Request.
  Time since last request: 0.000057 seconds.
  path: Assets/Tile palettes/Hills_21.asset
  artifactKey: Guid(4481cc72835855048918e7ed3ccd333a) Importer(2089858483,0ecaa5967403d082aa24f35e1b516d23)
Start importing Assets/Tile palettes/Hills_21.asset using Guid(4481cc72835855048918e7ed3ccd333a) Importer(2089858483,0ecaa5967403d082aa24f35e1b516d23) [PhysX] Initialized MultithreadedTaskDispatcher with 12 workers.
 -> (artifact id: '9d4524e7e8e42a26efbb95f95e6b9893') in 0.011871 seconds
Number of updated asset objects reloaded before import = 0
Number of asset objects unloaded after import = 3
========================================================================
Received Import Request.
  Time since last request: 0.000031 seconds.
  path: Assets/Tile palettes/Fences_1.asset
  artifactKey: Guid(e97182dd537fef24690180ee02854ab0) Importer(2089858483,0ecaa5967403d082aa24f35e1b516d23)
Start importing Assets/Tile palettes/Fences_1.asset using Guid(e97182dd537fef24690180ee02854ab0) Importer(2089858483,0ecaa5967403d082aa24f35e1b516d23) [PhysX] Initialized MultithreadedTaskDispatcher with 12 workers.
 -> (artifact id: 'a8a81b90d00f2f5543f1a18e60b466f0') in 0.015050 seconds
Number of updated asset objects reloaded before import = 0
Number of asset objects unloaded after import = 3
========================================================================
Received Import Request.
  Time since last request: 0.000033 seconds.
  path: Assets/Tile palettes/Grass_46.asset
  artifactKey: Guid(79e421c2f8d69c249a092cc79dcfc5f5) Importer(2089858483,0ecaa5967403d082aa24f35e1b516d23)
Start importing Assets/Tile palettes/Grass_46.asset using Guid(79e421c2f8d69c249a092cc79dcfc5f5) Importer(2089858483,0ecaa5967403d082aa24f35e1b516d23) [PhysX] Initialized MultithreadedTaskDispatcher with 12 workers.
 -> (artifact id: 'd881616d17bc29526d723f70af84ef44') in 0.011978 seconds
Number of updated asset objects reloaded before import = 0
Number of asset objects unloaded after import = 3
========================================================================
Received Import Request.
  Time since last request: 0.000034 seconds.
  path: Assets/Tile palettes/Tilled_Dirt_66.asset
  artifactKey: Guid(0bdbf846a0639874ab37f320a0c84ed2) Importer(2089858483,0ecaa5967403d082aa24f35e1b516d23)
Start importing Assets/Tile palettes/Tilled_Dirt_66.asset using Guid(0bdbf846a0639874ab37f320a0c84ed2) Importer(2089858483,0ecaa5967403d082aa24f35e1b516d23) [PhysX] Initialized MultithreadedTaskDispatcher with 12 workers.
 -> (artifact id: '19e7152390a2af9885803cccd60edbe8') in 0.014757 seconds
Number of updated asset objects reloaded before import = 0
Number of asset objects unloaded after import = 3
========================================================================
Received Import Request.
  Time since last request: 0.000034 seconds.
  path: Assets/Tile palettes/Tilled_Dirt_45.asset
  artifactKey: Guid(0d2464a305664204191cb3bfe9337cc7) Importer(2089858483,0ecaa5967403d082aa24f35e1b516d23)
Start importing Assets/Tile palettes/Tilled_Dirt_45.asset using Guid(0d2464a305664204191cb3bfe9337cc7) Importer(2089858483,0ecaa5967403d082aa24f35e1b516d23) [PhysX] Initialized MultithreadedTaskDispatcher with 12 workers.
 -> (artifact id: '32f926ecc759426d98a66c36b938bfbb') in 0.016560 seconds
Number of updated asset objects reloaded before import = 0
Number of asset objects unloaded after import = 3
========================================================================
Received Import Request.
  Time since last request: 0.000041 seconds.
  path: Assets/Tile palettes/Wooden_House_Roof_Tilset_13.asset
  artifactKey: Guid(429d007a1fb386849b99210557d30f81) Importer(2089858483,0ecaa5967403d082aa24f35e1b516d23)
Start importing Assets/Tile palettes/Wooden_House_Roof_Tilset_13.asset using Guid(429d007a1fb386849b99210557d30f81) Importer(2089858483,0ecaa5967403d082aa24f35e1b516d23) [PhysX] Initialized MultithreadedTaskDispatcher with 12 workers.
 -> (artifact id: '9e6bfc66f45015d823ca5db21bcc4acb') in 0.015083 seconds
Number of updated asset objects reloaded before import = 0
Number of asset objects unloaded after import = 3
========================================================================
Received Import Request.
  Time since last request: 0.000041 seconds.
  path: Assets/Tile palettes/Tilled_Dirt_64.asset
  artifactKey: Guid(b85d32fea1c91a4448cdc2813d47a82c) Importer(2089858483,0ecaa5967403d082aa24f35e1b516d23)
Start importing Assets/Tile palettes/Tilled_Dirt_64.asset using Guid(b85d32fea1c91a4448cdc2813d47a82c) Importer(2089858483,0ecaa5967403d082aa24f35e1b516d23) [PhysX] Initialized MultithreadedTaskDispatcher with 12 workers.
 -> (artifact id: '8192fa24702abc47e5b23e9f054c0ccf') in 0.014434 seconds
Number of updated asset objects reloaded before import = 0
Number of asset objects unloaded after import = 3
========================================================================
Received Import Request.
  Time since last request: 0.000032 seconds.
  path: Assets/Tile palettes/Wooden_House_Roof_Tilset_19.asset
  artifactKey: Guid(c6d76ad2c240e25449b03d7a1f92ab27) Importer(2089858483,0ecaa5967403d082aa24f35e1b516d23)
Start importing Assets/Tile palettes/Wooden_House_Roof_Tilset_19.asset using Guid(c6d76ad2c240e25449b03d7a1f92ab27) Importer(2089858483,0ecaa5967403d082aa24f35e1b516d23) [PhysX] Initialized MultithreadedTaskDispatcher with 12 workers.
 -> (artifact id: '22775298973d0728f8cf197605b44f1f') in 0.012290 seconds
Number of updated asset objects reloaded before import = 0
Number of asset objects unloaded after import = 3
========================================================================
Received Import Request.
  Time since last request: 0.000052 seconds.
  path: Assets/Tile palettes/Wooden_House_Roof_Tilset_26.asset
  artifactKey: Guid(25103d25e930af84bbd96af7dc160c08) Importer(2089858483,0ecaa5967403d082aa24f35e1b516d23)
Start importing Assets/Tile palettes/Wooden_House_Roof_Tilset_26.asset using Guid(25103d25e930af84bbd96af7dc160c08) Importer(2089858483,0ecaa5967403d082aa24f35e1b516d23) [PhysX] Initialized MultithreadedTaskDispatcher with 12 workers.
 -> (artifact id: '756435e710a5db63496fdda3879ddb3e') in 0.017522 seconds
Number of updated asset objects reloaded before import = 0
Number of asset objects unloaded after import = 3
========================================================================
Received Import Request.
  Time since last request: 0.000038 seconds.
  path: Assets/Tile palettes/Tilled_Dirt_7.asset
  artifactKey: Guid(915bdd069b91ac9408538038b1ebff46) Importer(2089858483,0ecaa5967403d082aa24f35e1b516d23)
Start importing Assets/Tile palettes/Tilled_Dirt_7.asset using Guid(915bdd069b91ac9408538038b1ebff46) Importer(2089858483,0ecaa5967403d082aa24f35e1b516d23) [PhysX] Initialized MultithreadedTaskDispatcher with 12 workers.
 -> (artifact id: '6274132781f3f9440fde07bfcbf46205') in 0.011898 seconds
Number of updated asset objects reloaded before import = 0
Number of asset objects unloaded after import = 3
========================================================================
Received Import Request.
  Time since last request: 0.000048 seconds.
  path: Assets/Tile palettes/Wooden_House_Roof_Tilset_22.asset
  artifactKey: Guid(45c017105e902644ab73f18b58316779) Importer(2089858483,0ecaa5967403d082aa24f35e1b516d23)
Start importing Assets/Tile palettes/Wooden_House_Roof_Tilset_22.asset using Guid(45c017105e902644ab73f18b58316779) Importer(2089858483,0ecaa5967403d082aa24f35e1b516d23) [PhysX] Initialized MultithreadedTaskDispatcher with 12 workers.
 -> (artifact id: 'ddb346218b1b4b6ed4028cc3a1271746') in 0.013842 seconds
Number of updated asset objects reloaded before import = 0
Number of asset objects unloaded after import = 3
========================================================================
Received Import Request.
  Time since last request: 0.000038 seconds.
  path: Assets/Tile palettes/Wooden_House_Roof_Tilset_30.asset
  artifactKey: Guid(e52b0f219bccd1f44af26cee22be5c20) Importer(2089858483,0ecaa5967403d082aa24f35e1b516d23)
Start importing Assets/Tile palettes/Wooden_House_Roof_Tilset_30.asset using Guid(e52b0f219bccd1f44af26cee22be5c20) Importer(2089858483,0ecaa5967403d082aa24f35e1b516d23) [PhysX] Initialized MultithreadedTaskDispatcher with 12 workers.
 -> (artifact id: '0b15b2c2c3a1bb044088406a280b3eb9') in 0.015346 seconds
Number of updated asset objects reloaded before import = 0
Number of asset objects unloaded after import = 3
========================================================================
Received Import Request.
  Time since last request: 0.000034 seconds.
  path: Assets/Tile palettes/Tilled_Dirt_50.asset
  artifactKey: Guid(69044417a2deca64ab1410f3b28a7fb8) Importer(2089858483,0ecaa5967403d082aa24f35e1b516d23)
Start importing Assets/Tile palettes/Tilled_Dirt_50.asset using Guid(69044417a2deca64ab1410f3b28a7fb8) Importer(2089858483,0ecaa5967403d082aa24f35e1b516d23) [PhysX] Initialized MultithreadedTaskDispatcher with 12 workers.
 -> (artifact id: 'c91aaf4700d87a6753ad7a1d8871d94c') in 0.015213 seconds
Number of updated asset objects reloaded before import = 0
Number of asset objects unloaded after import = 3
========================================================================
Received Import Request.
  Time since last request: 0.000038 seconds.
  path: Assets/Tile palettes/Tilled_Dirt_48.asset
  artifactKey: Guid(2e42777d8106ff646b5c37fb4dfb5f6f) Importer(2089858483,0ecaa5967403d082aa24f35e1b516d23)
Start importing Assets/Tile palettes/Tilled_Dirt_48.asset using Guid(2e42777d8106ff646b5c37fb4dfb5f6f) Importer(2089858483,0ecaa5967403d082aa24f35e1b516d23) [PhysX] Initialized MultithreadedTaskDispatcher with 12 workers.
 -> (artifact id: 'b1d533be28d82447ec76f58a4861e0e3') in 0.011862 seconds
Number of updated asset objects reloaded before import = 0
Number of asset objects unloaded after import = 3
========================================================================
Received Import Request.
  Time since last request: 0.000039 seconds.
  path: Assets/Tile palettes/Wooden_House_Roof_Tilset_10.asset
  artifactKey: Guid(5d724f1febb65304cb4f696589e1fc7d) Importer(2089858483,0ecaa5967403d082aa24f35e1b516d23)
Start importing Assets/Tile palettes/Wooden_House_Roof_Tilset_10.asset using Guid(5d724f1febb65304cb4f696589e1fc7d) Importer(2089858483,0ecaa5967403d082aa24f35e1b516d23) [PhysX] Initialized MultithreadedTaskDispatcher with 12 workers.
 -> (artifact id: 'dd9c4ffc1730b166b63944766bb0a786') in 0.014617 seconds
Number of updated asset objects reloaded before import = 0
Number of asset objects unloaded after import = 3
========================================================================
Received Import Request.
  Time since last request: 0.000055 seconds.
  path: Assets/Tile palettes/Wooden_House_Roof_Tilset_24.asset
  artifactKey: Guid(ddc54b11b59d31740b3313ae7798e63a) Importer(2089858483,0ecaa5967403d082aa24f35e1b516d23)
Start importing Assets/Tile palettes/Wooden_House_Roof_Tilset_24.asset using Guid(ddc54b11b59d31740b3313ae7798e63a) Importer(2089858483,0ecaa5967403d082aa24f35e1b516d23) [PhysX] Initialized MultithreadedTaskDispatcher with 12 workers.
 -> (artifact id: 'b520e76e6198d4536672dbf3f8ab46d1') in 0.016608 seconds
Number of updated asset objects reloaded before import = 0
Number of asset objects unloaded after import = 3
========================================================================
Received Import Request.
  Time since last request: 0.000058 seconds.
  path: Assets/Tile palettes/Tilled_Dirt_58.asset
  artifactKey: Guid(f60754f6f7074e945847f0217314601d) Importer(2089858483,0ecaa5967403d082aa24f35e1b516d23)
Start importing Assets/Tile palettes/Tilled_Dirt_58.asset using Guid(f60754f6f7074e945847f0217314601d) Importer(2089858483,0ecaa5967403d082aa24f35e1b516d23) [PhysX] Initialized MultithreadedTaskDispatcher with 12 workers.
 -> (artifact id: '1af47ee9aba00cad61a2fc438fd0b088') in 0.014425 seconds
Number of updated asset objects reloaded before import = 0
Number of asset objects unloaded after import = 3
========================================================================
Received Import Request.
  Time since last request: 0.000032 seconds.
  path: Assets/Tile palettes/Tilled_Dirt_31.asset
  artifactKey: Guid(6659c0838f13ebc4f953d24c272fa602) Importer(2089858483,0ecaa5967403d082aa24f35e1b516d23)
Start importing Assets/Tile palettes/Tilled_Dirt_31.asset using Guid(6659c0838f13ebc4f953d24c272fa602) Importer(2089858483,0ecaa5967403d082aa24f35e1b516d23) [PhysX] Initialized MultithreadedTaskDispatcher with 12 workers.
 -> (artifact id: 'c00816086833a3b3fee26cc25a23d17c') in 0.012847 seconds
Number of updated asset objects reloaded before import = 0
Number of asset objects unloaded after import = 3
========================================================================
Received Import Request.
  Time since last request: 0.000037 seconds.
  path: Assets/Tile palettes/Tilled_Dirt_69.asset
  artifactKey: Guid(cff79644730fd154792ad8ffa311e278) Importer(2089858483,0ecaa5967403d082aa24f35e1b516d23)
Start importing Assets/Tile palettes/Tilled_Dirt_69.asset using Guid(cff79644730fd154792ad8ffa311e278) Importer(2089858483,0ecaa5967403d082aa24f35e1b516d23) [PhysX] Initialized MultithreadedTaskDispatcher with 12 workers.
 -> (artifact id: '9ba846e9508f6a36a17086d12e7bb946') in 0.013858 seconds
Number of updated asset objects reloaded before import = 0
Number of asset objects unloaded after import = 3
========================================================================
Received Import Request.
  Time since last request: 0.000036 seconds.
  path: Assets/Tile palettes/Tilled_Dirt_44.asset
  artifactKey: Guid(7bd47de5c81708a4fb566a31999bb3e5) Importer(2089858483,0ecaa5967403d082aa24f35e1b516d23)
Start importing Assets/Tile palettes/Tilled_Dirt_44.asset using Guid(7bd47de5c81708a4fb566a31999bb3e5) Importer(2089858483,0ecaa5967403d082aa24f35e1b516d23) [PhysX] Initialized MultithreadedTaskDispatcher with 12 workers.
 -> (artifact id: '910077e9b044d87bd957cb96e4407e7e') in 0.012765 seconds
Number of updated asset objects reloaded before import = 0
Number of asset objects unloaded after import = 3
========================================================================
Received Import Request.
  Time since last request: 0.000032 seconds.
  path: Assets/Tile palettes/Wooden_House_Roof_Tilset_17.asset
  artifactKey: Guid(a6213e369a1727742bf06b9e2868874b) Importer(2089858483,0ecaa5967403d082aa24f35e1b516d23)
Start importing Assets/Tile palettes/Wooden_House_Roof_Tilset_17.asset using Guid(a6213e369a1727742bf06b9e2868874b) Importer(2089858483,0ecaa5967403d082aa24f35e1b516d23) [PhysX] Initialized MultithreadedTaskDispatcher with 12 workers.
 -> (artifact id: '2cf1d5be24d52fab38165fd2119df5ba') in 0.013178 seconds
Number of updated asset objects reloaded before import = 0
Number of asset objects unloaded after import = 3
========================================================================
Received Import Request.
  Time since last request: 0.000046 seconds.
  path: Assets/Tile palettes/Wooden_House_Roof_Tilset_21.asset
  artifactKey: Guid(6866ad39d954adf4f9693c5b615565f9) Importer(2089858483,0ecaa5967403d082aa24f35e1b516d23)
Start importing Assets/Tile palettes/Wooden_House_Roof_Tilset_21.asset using Guid(6866ad39d954adf4f9693c5b615565f9) Importer(2089858483,0ecaa5967403d082aa24f35e1b516d23) [PhysX] Initialized MultithreadedTaskDispatcher with 12 workers.
 -> (artifact id: 'a6dba7231d4a1e2ef6ddc135eda36f3b') in 0.010736 seconds
Number of updated asset objects reloaded before import = 0
Number of asset objects unloaded after import = 3
========================================================================
Received Import Request.
  Time since last request: 0.000061 seconds.
  path: Assets/Tile palettes/Tilled_Dirt_34.asset
  artifactKey: Guid(9e92cc56b8e037d4eafb6024b8bf690b) Importer(2089858483,0ecaa5967403d082aa24f35e1b516d23)
Start importing Assets/Tile palettes/Tilled_Dirt_34.asset using Guid(9e92cc56b8e037d4eafb6024b8bf690b) Importer(2089858483,0ecaa5967403d082aa24f35e1b516d23) [PhysX] Initialized MultithreadedTaskDispatcher with 12 workers.
 -> (artifact id: '327daf6cc7958ba7bcb9970f4803715a') in 0.014438 seconds
Number of updated asset objects reloaded before import = 0
Number of asset objects unloaded after import = 3
========================================================================
Received Import Request.
  Time since last request: 0.000039 seconds.
  path: Assets/Tile palettes/Wooden_House_Roof_Tilset_27.asset
  artifactKey: Guid(0c8bda190e5d84b4cb3b5c2a3d49456f) Importer(2089858483,0ecaa5967403d082aa24f35e1b516d23)
Start importing Assets/Tile palettes/Wooden_House_Roof_Tilset_27.asset using Guid(0c8bda190e5d84b4cb3b5c2a3d49456f) Importer(2089858483,0ecaa5967403d082aa24f35e1b516d23) [PhysX] Initialized MultithreadedTaskDispatcher with 12 workers.
 -> (artifact id: '54f96b02f4631b59deca249a52d80ec6') in 0.012603 seconds
Number of updated asset objects reloaded before import = 0
Number of asset objects unloaded after import = 3
========================================================================
Received Import Request.
  Time since last request: 0.000031 seconds.
  path: Assets/Tile palettes/Wooden_House_Roof_Tilset_15.asset
  artifactKey: Guid(ecd8f261ae2ee1c40a4bbb223073cb2a) Importer(2089858483,0ecaa5967403d082aa24f35e1b516d23)
Start importing Assets/Tile palettes/Wooden_House_Roof_Tilset_15.asset using Guid(ecd8f261ae2ee1c40a4bbb223073cb2a) Importer(2089858483,0ecaa5967403d082aa24f35e1b516d23) [PhysX] Initialized MultithreadedTaskDispatcher with 12 workers.
 -> (artifact id: '60ff7c7f6581877ebbea0ee950822bed') in 0.016434 seconds
Number of updated asset objects reloaded before import = 0
Number of asset objects unloaded after import = 3
========================================================================
Received Import Request.
  Time since last request: 0.000032 seconds.
  path: Assets/Tile palettes/Tilled_Dirt_26.asset
  artifactKey: Guid(cc842e9ddc5360c43926d552c16f0f32) Importer(2089858483,0ecaa5967403d082aa24f35e1b516d23)
Start importing Assets/Tile palettes/Tilled_Dirt_26.asset using Guid(cc842e9ddc5360c43926d552c16f0f32) Importer(2089858483,0ecaa5967403d082aa24f35e1b516d23) [PhysX] Initialized MultithreadedTaskDispatcher with 12 workers.
 -> (artifact id: '01559a21429af54b573ec123de24344f') in 0.011737 seconds
Number of updated asset objects reloaded before import = 0
Number of asset objects unloaded after import = 3
========================================================================
Received Import Request.
  Time since last request: 0.000036 seconds.
  path: Assets/Tile palettes/Hills_50.asset
  artifactKey: Guid(4027630349feffd4facf75b087fb59f1) Importer(2089858483,0ecaa5967403d082aa24f35e1b516d23)
Start importing Assets/Tile palettes/Hills_50.asset using Guid(4027630349feffd4facf75b087fb59f1) Importer(2089858483,0ecaa5967403d082aa24f35e1b516d23) [PhysX] Initialized MultithreadedTaskDispatcher with 12 workers.
 -> (artifact id: '4ab926c50d1451966bf248518de13bf9') in 0.012950 seconds
Number of updated asset objects reloaded before import = 0
Number of asset objects unloaded after import = 3
========================================================================
Received Import Request.
  Time since last request: 0.000037 seconds.
  path: Assets/Tile palettes/Tilled_Dirt_39.asset
  artifactKey: Guid(31601b6de4c06894a96a187f499bcec1) Importer(2089858483,0ecaa5967403d082aa24f35e1b516d23)
Start importing Assets/Tile palettes/Tilled_Dirt_39.asset using Guid(31601b6de4c06894a96a187f499bcec1) Importer(2089858483,0ecaa5967403d082aa24f35e1b516d23) [PhysX] Initialized MultithreadedTaskDispatcher with 12 workers.
 -> (artifact id: 'd2ba3aa2379642a127832b823603a1c7') in 0.015196 seconds
Number of updated asset objects reloaded before import = 0
Number of asset objects unloaded after import = 3
========================================================================
Received Import Request.
  Time since last request: 0.000055 seconds.
  path: Assets/Tile palettes/Tilled_Dirt_10.asset
  artifactKey: Guid(d871075e977dcaf479496eaa37cd20af) Importer(2089858483,0ecaa5967403d082aa24f35e1b516d23)
Start importing Assets/Tile palettes/Tilled_Dirt_10.asset using Guid(d871075e977dcaf479496eaa37cd20af) Importer(2089858483,0ecaa5967403d082aa24f35e1b516d23) [PhysX] Initialized MultithreadedTaskDispatcher with 12 workers.
 -> (artifact id: '2bcca4a54f180b4b465a33380a525abe') in 0.012371 seconds
Number of updated asset objects reloaded before import = 0
Number of asset objects unloaded after import = 3
========================================================================
Received Import Request.
  Time since last request: 0.000050 seconds.
  path: Assets/Tile palettes/Grass_52.asset
  artifactKey: Guid(3cdf788218bdd78408e0328a42bfda5c) Importer(2089858483,0ecaa5967403d082aa24f35e1b516d23)
Start importing Assets/Tile palettes/Grass_52.asset using Guid(3cdf788218bdd78408e0328a42bfda5c) Importer(2089858483,0ecaa5967403d082aa24f35e1b516d23) [PhysX] Initialized MultithreadedTaskDispatcher with 12 workers.
 -> (artifact id: 'd81bdd2065857347e057dac2c6a97399') in 0.011406 seconds
Number of updated asset objects reloaded before import = 0
Number of asset objects unloaded after import = 3
========================================================================
Received Import Request.
  Time since last request: 0.000053 seconds.
  path: Assets/Tile palettes/Tilled_Dirt_51.asset
  artifactKey: Guid(3834fea708f51054b98ff1ade60e96a2) Importer(2089858483,0ecaa5967403d082aa24f35e1b516d23)
Start importing Assets/Tile palettes/Tilled_Dirt_51.asset using Guid(3834fea708f51054b98ff1ade60e96a2) Importer(2089858483,0ecaa5967403d082aa24f35e1b516d23) [PhysX] Initialized MultithreadedTaskDispatcher with 12 workers.
 -> (artifact id: '9ad798d37119672d6e37c84b3528589b') in 0.014477 seconds
Number of updated asset objects reloaded before import = 0
Number of asset objects unloaded after import = 3
========================================================================
Received Import Request.
  Time since last request: 0.000034 seconds.
  path: Assets/Tile palettes/Grass_24.asset
  artifactKey: Guid(51d925042ccb7ec4b9295008a79b8c31) Importer(2089858483,0ecaa5967403d082aa24f35e1b516d23)
Start importing Assets/Tile palettes/Grass_24.asset using Guid(51d925042ccb7ec4b9295008a79b8c31) Importer(2089858483,0ecaa5967403d082aa24f35e1b516d23) [PhysX] Initialized MultithreadedTaskDispatcher with 12 workers.
 -> (artifact id: 'd2fbe75f433deb08ce4317bf1ef66f70') in 0.011449 seconds
Number of updated asset objects reloaded before import = 0
Number of asset objects unloaded after import = 3
========================================================================
Received Import Request.
  Time since last request: 0.000036 seconds.
  path: Assets/Tile palettes/Hills_47.asset
  artifactKey: Guid(d6657881a8aca3e418c00dbf7985eed1) Importer(2089858483,0ecaa5967403d082aa24f35e1b516d23)
Start importing Assets/Tile palettes/Hills_47.asset using Guid(d6657881a8aca3e418c00dbf7985eed1) Importer(2089858483,0ecaa5967403d082aa24f35e1b516d23) [PhysX] Initialized MultithreadedTaskDispatcher with 12 workers.
 -> (artifact id: 'e5b22e1f12f831d9b11e05b13af8bc77') in 0.011300 seconds
Number of updated asset objects reloaded before import = 0
Number of asset objects unloaded after import = 3
========================================================================
Received Import Request.
  Time since last request: 0.000035 seconds.
  path: Assets/Tile palettes/Tilled_Dirt_32.asset
  artifactKey: Guid(ced1f726e8944f84ab8f37514e139e98) Importer(2089858483,0ecaa5967403d082aa24f35e1b516d23)
Start importing Assets/Tile palettes/Tilled_Dirt_32.asset using Guid(ced1f726e8944f84ab8f37514e139e98) Importer(2089858483,0ecaa5967403d082aa24f35e1b516d23) [PhysX] Initialized MultithreadedTaskDispatcher with 12 workers.
 -> (artifact id: '32cf1b18facdee8606af44ca91f386f8') in 0.013260 seconds
Number of updated asset objects reloaded before import = 0
Number of asset objects unloaded after import = 3
========================================================================
Received Import Request.
  Time since last request: 0.000033 seconds.
  path: Assets/Tile palettes/Fences_2.asset
  artifactKey: Guid(460223a6667395d4689822df3dae6ea7) Importer(2089858483,0ecaa5967403d082aa24f35e1b516d23)
Start importing Assets/Tile palettes/Fences_2.asset using Guid(460223a6667395d4689822df3dae6ea7) Importer(2089858483,0ecaa5967403d082aa24f35e1b516d23) [PhysX] Initialized MultithreadedTaskDispatcher with 12 workers.
 -> (artifact id: 'e07a3143921eb44473dafbb778951cc0') in 0.010797 seconds
Number of updated asset objects reloaded before import = 0
Number of asset objects unloaded after import = 3
========================================================================
Received Import Request.
  Time since last request: 0.037795 seconds.
  path: Assets/Tile palettes/Wooden_House_Roof_Tilset_32.asset
  artifactKey: Guid(3425a78b2b065ea42b667d76172971de) Importer(2089858483,0ecaa5967403d082aa24f35e1b516d23)
Start importing Assets/Tile palettes/Wooden_House_Roof_Tilset_32.asset using Guid(3425a78b2b065ea42b667d76172971de) Importer(2089858483,0ecaa5967403d082aa24f35e1b516d23) [PhysX] Initialized MultithreadedTaskDispatcher with 12 workers.
 -> (artifact id: '17adea5b3290b3e4e2cd34779f146859') in 0.012614 seconds
Number of updated asset objects reloaded before import = 0
Number of asset objects unloaded after import = 3
========================================================================
Received Import Request.
  Time since last request: 0.000035 seconds.
  path: Assets/Tile palettes/Wooden_House_Walls_Tilset_12.asset
  artifactKey: Guid(bb222afea98d59145a9513b31e945462) Importer(2089858483,0ecaa5967403d082aa24f35e1b516d23)
Start importing Assets/Tile palettes/Wooden_House_Walls_Tilset_12.asset using Guid(bb222afea98d59145a9513b31e945462) Importer(2089858483,0ecaa5967403d082aa24f35e1b516d23) [PhysX] Initialized MultithreadedTaskDispatcher with 12 workers.
 -> (artifact id: 'b74e621044ed067f708865315c790b26') in 0.014321 seconds
Number of updated asset objects reloaded before import = 0
Number of asset objects unloaded after import = 3
========================================================================
Received Import Request.
  Time since last request: 0.000030 seconds.
  path: Assets/Tile palettes/Wooden_House_Walls_Tilset_0.asset
  artifactKey: Guid(ad3155dda6fa04e4ba7b5a171a1ca4e6) Importer(2089858483,0ecaa5967403d082aa24f35e1b516d23)
Start importing Assets/Tile palettes/Wooden_House_Walls_Tilset_0.asset using Guid(ad3155dda6fa04e4ba7b5a171a1ca4e6) Importer(2089858483,0ecaa5967403d082aa24f35e1b516d23) [PhysX] Initialized MultithreadedTaskDispatcher with 12 workers.
 -> (artifact id: '83b1b1602ea3ea95718a6e0e8f69aab3') in 0.011191 seconds
Number of updated asset objects reloaded before import = 0
Number of asset objects unloaded after import = 3
========================================================================
Received Import Request.
  Time since last request: 0.000035 seconds.
  path: Assets/Tile palettes/Wooden_House_Walls_Tilset_7.asset
  artifactKey: Guid(e094c2a0678f5854ba37b646a5c3aed3) Importer(2089858483,0ecaa5967403d082aa24f35e1b516d23)
Start importing Assets/Tile palettes/Wooden_House_Walls_Tilset_7.asset using Guid(e094c2a0678f5854ba37b646a5c3aed3) Importer(2089858483,0ecaa5967403d082aa24f35e1b516d23) [PhysX] Initialized MultithreadedTaskDispatcher with 12 workers.
 -> (artifact id: 'b3129d51e27348164ac053fc9d8cdab6') in 0.015139 seconds
Number of updated asset objects reloaded before import = 0
Number of asset objects unloaded after import = 3
========================================================================
Received Import Request.
  Time since last request: 0.000040 seconds.
  path: Assets/Tilesets/terrain/Fences.png
  artifactKey: Guid(8d93f96ba7aa3d341b026689487326a6) Importer(2089858483,0ecaa5967403d082aa24f35e1b516d23)
Start importing Assets/Tilesets/terrain/Fences.png using Guid(8d93f96ba7aa3d341b026689487326a6) Importer(2089858483,0ecaa5967403d082aa24f35e1b516d23) [PhysX] Initialized MultithreadedTaskDispatcher with 12 workers.
 -> (artifact id: 'd3f25d891f537e483499af600454d84e') in 0.209669 seconds
Number of updated asset objects reloaded before import = 0
Number of asset objects unloaded after import = 18
========================================================================
Received Import Request.
  Time since last request: 0.000039 seconds.
  path: Assets/Tile palettes/Wooden_House_Walls_Tilset_6.asset
  artifactKey: Guid(f7d9b4381f0ab5f4b8a74b862a09f32f) Importer(2089858483,0ecaa5967403d082aa24f35e1b516d23)
Start importing Assets/Tile palettes/Wooden_House_Walls_Tilset_6.asset using Guid(f7d9b4381f0ab5f4b8a74b862a09f32f) Importer(2089858483,0ecaa5967403d082aa24f35e1b516d23) [PhysX] Initialized MultithreadedTaskDispatcher with 12 workers.
 -> (artifact id: 'd072a5a779de67a3b77763676a17b3ea') in 0.014888 seconds
Number of updated asset objects reloaded before import = 0
Number of asset objects unloaded after import = 3
========================================================================
Received Import Request.
  Time since last request: 0.000057 seconds.
  path: Assets/Tilesets/terrain/Hills.png
  artifactKey: Guid(d205b180665ea61419834779b8b61c91) Importer(2089858483,0ecaa5967403d082aa24f35e1b516d23)
Start importing Assets/Tilesets/terrain/Hills.png using Guid(d205b180665ea61419834779b8b61c91) Importer(2089858483,0ecaa5967403d082aa24f35e1b516d23) [PhysX] Initialized MultithreadedTaskDispatcher with 12 workers.
 -> (artifact id: '2628190302160e160b75f4503cd55f38') in 0.210671 seconds
Number of updated asset objects reloaded before import = 0
Number of asset objects unloaded after import = 69
========================================================================
Received Import Request.
  Time since last request: 0.000038 seconds.
  path: Assets/Tile palettes/Wooden_House_Walls_Tilset_13.asset
  artifactKey: Guid(a62abfef3fc1dbd41adbb245ef53bc6c) Importer(2089858483,0ecaa5967403d082aa24f35e1b516d23)
Start importing Assets/Tile palettes/Wooden_House_Walls_Tilset_13.asset using Guid(a62abfef3fc1dbd41adbb245ef53bc6c) Importer(2089858483,0ecaa5967403d082aa24f35e1b516d23) [PhysX] Initialized MultithreadedTaskDispatcher with 12 workers.
 -> (artifact id: '58e933db0c801f8062ef7843521ded45') in 0.010596 seconds
Number of updated asset objects reloaded before import = 0
Number of asset objects unloaded after import = 3
========================================================================
Received Import Request.
  Time since last request: 0.000054 seconds.
  path: Assets/Tilesets/Objects/Free_Chicken_House.png
  artifactKey: Guid(c63ce259b30d7334a905f0af44f1a0e6) Importer(2089858483,0ecaa5967403d082aa24f35e1b516d23)
Start importing Assets/Tilesets/Objects/Free_Chicken_House.png using Guid(c63ce259b30d7334a905f0af44f1a0e6) Importer(2089858483,0ecaa5967403d082aa24f35e1b516d23) [PhysX] Initialized MultithreadedTaskDispatcher with 12 workers.
 -> (artifact id: '97b9cfab9c3026ebf90b337de1300598') in 0.023183 seconds
Number of updated asset objects reloaded before import = 0
Number of asset objects unloaded after import = 3
========================================================================
Received Import Request.
  Time since last request: 0.000039 seconds.
  path: Assets/Tile palettes/Wooden_House_Walls_Tilset_4.asset
  artifactKey: Guid(337e55069738562499c296400e12d8c7) Importer(2089858483,0ecaa5967403d082aa24f35e1b516d23)
Start importing Assets/Tile palettes/Wooden_House_Walls_Tilset_4.asset using Guid(337e55069738562499c296400e12d8c7) Importer(2089858483,0ecaa5967403d082aa24f35e1b516d23) [PhysX] Initialized MultithreadedTaskDispatcher with 12 workers.
 -> (artifact id: 'bbe8cb96228343f7996b686ffd3a9411') in 0.012976 seconds
Number of updated asset objects reloaded before import = 0
Number of asset objects unloaded after import = 3
========================================================================
Received Import Request.
  Time since last request: 0.000034 seconds.
  path: Assets/Tilesets/Objects/Paths.png
  artifactKey: Guid(a9f81b9716b371b4c9b67b8cd60007bd) Importer(2089858483,0ecaa5967403d082aa24f35e1b516d23)
Start importing Assets/Tilesets/Objects/Paths.png using Guid(a9f81b9716b371b4c9b67b8cd60007bd) Importer(2089858483,0ecaa5967403d082aa24f35e1b516d23) [PhysX] Initialized MultithreadedTaskDispatcher with 12 workers.
 -> (artifact id: 'a351dcf0d9c7ec9bdd680e10319ddfe0') in 0.025243 seconds
Number of updated asset objects reloaded before import = 0
Number of asset objects unloaded after import = 3
========================================================================
Received Import Request.
  Time since last request: 0.000042 seconds.
  path: Assets/Tile palettes/Wooden_House_Roof_Tilset_6.asset
  artifactKey: Guid(23046444747906b4f9136c8a86a733df) Importer(2089858483,0ecaa5967403d082aa24f35e1b516d23)
Start importing Assets/Tile palettes/Wooden_House_Roof_Tilset_6.asset using Guid(23046444747906b4f9136c8a86a733df) Importer(2089858483,0ecaa5967403d082aa24f35e1b516d23) [PhysX] Initialized MultithreadedTaskDispatcher with 12 workers.
 -> (artifact id: 'c3bfcaba171d9da9351b05e886b47cef') in 0.013036 seconds
Number of updated asset objects reloaded before import = 0
Number of asset objects unloaded after import = 3
========================================================================
Received Import Request.
  Time since last request: 0.000033 seconds.
  path: Assets/Tile palettes/Wooden_House_Roof_Tilset_7.asset
  artifactKey: Guid(44de96f9ee7c5c940b8994ccd12c25bf) Importer(2089858483,0ecaa5967403d082aa24f35e1b516d23)
Start importing Assets/Tile palettes/Wooden_House_Roof_Tilset_7.asset using Guid(44de96f9ee7c5c940b8994ccd12c25bf) Importer(2089858483,0ecaa5967403d082aa24f35e1b516d23) [PhysX] Initialized MultithreadedTaskDispatcher with 12 workers.
 -> (artifact id: '3876ee1b087911178a4acb9cc373fe51') in 0.014396 seconds
Number of updated asset objects reloaded before import = 0
Number of asset objects unloaded after import = 3
========================================================================
Received Import Request.
  Time since last request: 0.000034 seconds.
  path: Assets/Tilesets/Characters/Basic Charakter Actions.png
  artifactKey: Guid(97e2aee378296494b8e9ae41cfc848ed) Importer(2089858483,0ecaa5967403d082aa24f35e1b516d23)
Start importing Assets/Tilesets/Characters/Basic Charakter Actions.png using Guid(97e2aee378296494b8e9ae41cfc848ed) Importer(2089858483,0ecaa5967403d082aa24f35e1b516d23) [PhysX] Initialized MultithreadedTaskDispatcher with 12 workers.
 -> (artifact id: 'd193b2a270491a08f4233b843fc66902') in 0.024911 seconds
Number of updated asset objects reloaded before import = 0
Number of asset objects unloaded after import = 3
========================================================================
Received Import Request.
  Time since last request: 0.000031 seconds.
  path: Assets/Tilesets/Characters/Basic Charakter Spritesheet.png
  artifactKey: Guid(17398c9562bc9904eb073fa2bdf67af7) Importer(2089858483,0ecaa5967403d082aa24f35e1b516d23)
Start importing Assets/Tilesets/Characters/Basic Charakter Spritesheet.png using Guid(17398c9562bc9904eb073fa2bdf67af7) Importer(2089858483,0ecaa5967403d082aa24f35e1b516d23) [PhysX] Initialized MultithreadedTaskDispatcher with 12 workers.
 -> (artifact id: '1ea83f1b169c917f9de6571972917522') in 0.026456 seconds
Number of updated asset objects reloaded before import = 0
Number of asset objects unloaded after import = 3
========================================================================
Received Import Request.
  Time since last request: 0.000041 seconds.
  path: Assets/Tilesets/Characters/Tools.png
  artifactKey: Guid(e04dcc12455c15c4590a2559391632f1) Importer(2089858483,0ecaa5967403d082aa24f35e1b516d23)
Start importing Assets/Tilesets/Characters/Tools.png using Guid(e04dcc12455c15c4590a2559391632f1) Importer(2089858483,0ecaa5967403d082aa24f35e1b516d23) [PhysX] Initialized MultithreadedTaskDispatcher with 12 workers.
 -> (artifact id: '30098c9f4c8e0f6dc2358467b35e24e0') in 0.030050 seconds
Number of updated asset objects reloaded before import = 0
Number of asset objects unloaded after import = 3
========================================================================
Received Import Request.
  Time since last request: 0.000032 seconds.
  path: Assets/Tilesets/Objects/Egg_item.png
  artifactKey: Guid(5f21550c503afaf4cb06abeb0abb08ea) Importer(2089858483,0ecaa5967403d082aa24f35e1b516d23)
Start importing Assets/Tilesets/Objects/Egg_item.png using Guid(5f21550c503afaf4cb06abeb0abb08ea) Importer(2089858483,0ecaa5967403d082aa24f35e1b516d23) [PhysX] Initialized MultithreadedTaskDispatcher with 12 workers.
 -> (artifact id: 'bb834043bebedb878154fb9038a0b8d1') in 0.023942 seconds
Number of updated asset objects reloaded before import = 0
Number of asset objects unloaded after import = 3
========================================================================
Received Import Request.
  Time since last request: 0.000041 seconds.
  path: Assets/Tilesets/Objects/Basic_Plants.png
  artifactKey: Guid(6111bb16056eaf44796f46d86f37eda3) Importer(2089858483,0ecaa5967403d082aa24f35e1b516d23)
Start importing Assets/Tilesets/Objects/Basic_Plants.png using Guid(6111bb16056eaf44796f46d86f37eda3) Importer(2089858483,0ecaa5967403d082aa24f35e1b516d23) [PhysX] Initialized MultithreadedTaskDispatcher with 12 workers.
 -> (artifact id: 'e5499b1c5c613f9035e22b7a041e32fd') in 0.027408 seconds
Number of updated asset objects reloaded before import = 0
Number of asset objects unloaded after import = 3
========================================================================
Received Import Request.
  Time since last request: 0.000043 seconds.
  path: Assets/Tilesets/terrain/Tilled_Dirt_v2.png
  artifactKey: Guid(0f05daff84b17854a95bd292dd0d0b32) Importer(2089858483,0ecaa5967403d082aa24f35e1b516d23)
Start importing Assets/Tilesets/terrain/Tilled_Dirt_v2.png using Guid(0f05daff84b17854a95bd292dd0d0b32) Importer(2089858483,0ecaa5967403d082aa24f35e1b516d23) [PhysX] Initialized MultithreadedTaskDispatcher with 12 workers.
 -> (artifact id: '8c7ab94668635190394279f5e68597b9') in 0.020399 seconds
Number of updated asset objects reloaded before import = 0
Number of asset objects unloaded after import = 1
